<?xml version="1.0" encoding="UTF-8"?>
<!-- Generated by org.testng.reporters.JUnitReportReporter -->
<testsuite skipped="0" hostname="Paul" name="autoHero.testCases.SearchTest" tests="3" failures="0" timestamp="12 Nov 2018 16:44:45 GMT" time="92.595" errors="0">
  <testcase name="testApplyFilter" time="10.802" classname="autoHero.testCases.SearchTest"/>
  <testcase name="testVerifyOPriceOrder" time="39.833" classname="autoHero.testCases.SearchTest"/>
  <testcase name="testVerifyRegistrationYear" time="41.960" classname="autoHero.testCases.SearchTest"/>
</testsuite> <!-- autoHero.testCases.SearchTest -->
